# JRE version: OpenJDK Runtime Environment Temurin-17.0.13+11 (17.0.13+11) (build 17.0.13+11)
# Java VM: OpenJDK 64-Bit Server VM Temurin-17.0.13+11 (17.0.13+11, mixed mode, tiered, compressed oops, compressed class ptrs, parallel gc, windows-amd64)
GC Precious Log:
 CPUs: 8 total, 8 available
 Memory: 5877M
 Large Page Support: Disabled
 NUMA Support: Disabled
 Compressed Oops: Enabled (32-bit)
 Alignments: Space 512K, Generation 512K, Heap 2M
 Heap Min Capacity: 100M
 Heap Initial Capacity: 100M
 Heap Max Capacity: 1G
 Pre-touch: Disabled
 Parallel Workers: 8
Heap:
 PSYoungGen      total 23040K, used 17381K [0x00000000eab00000, 0x00000000ec680000, 0x0000000100000000)
  eden space 19968K, 73% used [0x00000000eab00000,0x00000000eb9596c8,0x00000000ebe80000)
  from space 3072K, 87% used [0x00000000ec380000,0x00000000ec620020,0x00000000ec680000)
  to   space 3072K, 0% used [0x00000000ec080000,0x00000000ec080000,0x00000000ec380000)
 ParOldGen       total 95744K, used 82720K [0x00000000c0000000, 0x00000000c5d80000, 0x00000000eab00000)
  object space 95744K, 86% used [0x00000000c0000000,0x00000000c50c8090,0x00000000c5d80000)
 Metaspace       used 64429K, committed 65536K, reserved 1114112K
  class space    used 6845K, committed 7296K, reserved 1048576K
GC Heap History (20 events):
Event: 139.337 GC heap before
{Heap before GC invocations=33 (full 2):
 PSYoungGen      total 22016K, used 21995K [0x00000000eab00000, 0x00000000ed080000, 0x0000000100000000)
  eden space 19968K, 100% used [0x00000000eab00000,0x00000000ebe80000,0x00000000ebe80000)
  from space 2048K, 99% used [0x00000000ec680000,0x00000000ec87afb8,0x00000000ec880000)
  to   space 8192K, 0% used [0x00000000ebe80000,0x00000000ebe80000,0x00000000ec680000)
 ParOldGen       total 68608K, used 62598K [0x00000000c0000000, 0x00000000c4300000, 0x00000000eab00000)
  object space 68608K, 91% used [0x00000000c0000000,0x00000000c3d218d0,0x00000000c4300000)
 Metaspace       used 57155K, committed 58240K, reserved 1114112K
  class space    used 6105K, committed 6592K, reserved 1048576K
}
Event: 139.343 GC heap after
{Heap after GC invocations=33 (full 2):
 PSYoungGen      total 24064K, used 3682K [0x00000000eab00000, 0x00000000ec880000, 0x0000000100000000)
  eden space 19968K, 0% used [0x00000000eab00000,0x00000000eab00000,0x00000000ebe80000)
  from space 4096K, 89% used [0x00000000ebe80000,0x00000000ec218968,0x00000000ec280000)
  to   space 5120K, 0% used [0x00000000ec380000,0x00000000ec380000,0x00000000ec880000)
 ParOldGen       total 68608K, used 64655K [0x00000000c0000000, 0x00000000c4300000, 0x00000000eab00000)
  object space 68608K, 94% used [0x00000000c0000000,0x00000000c3f23f78,0x00000000c4300000)
 Metaspace       used 57155K, committed 58240K, reserved 1114112K
  class space    used 6105K, committed 6592K, reserved 1048576K
}
Event: 140.120 GC heap before
{Heap before GC invocations=34 (full 2):
 PSYoungGen      total 24064K, used 23624K [0x00000000eab00000, 0x00000000ec880000, 0x0000000100000000)
  eden space 19968K, 99% used [0x00000000eab00000,0x00000000ebe79a28,0x00000000ebe80000)
  from space 4096K, 89% used [0x00000000ebe80000,0x00000000ec218968,0x00000000ec280000)
  to   space 5120K, 0% used [0x00000000ec380000,0x00000000ec380000,0x00000000ec880000)
 ParOldGen       total 68608K, used 64655K [0x00000000c0000000, 0x00000000c4300000, 0x00000000eab00000)
  object space 68608K, 94% used [0x00000000c0000000,0x00000000c3f23f78,0x00000000c4300000)
 Metaspace       used 57654K, committed 58688K, reserved 1114112K
  class space    used 6141K, committed 6592K, reserved 1048576K
}
Event: 140.260 GC heap after
{Heap after GC invocations=34 (full 2):
 PSYoungGen      total 23552K, used 3305K [0x00000000eab00000, 0x00000000ec700000, 0x0000000100000000)
  eden space 19968K, 0% used [0x00000000eab00000,0x00000000eab00000,0x00000000ebe80000)
  from space 3584K, 92% used [0x00000000ec380000,0x00000000ec6ba4b0,0x00000000ec700000)
  to   space 4096K, 0% used [0x00000000ebf00000,0x00000000ebf00000,0x00000000ec300000)
 ParOldGen       total 68608K, used 68137K [0x00000000c0000000, 0x00000000c4300000, 0x00000000eab00000)
  object space 68608K, 99% used [0x00000000c0000000,0x00000000c428a500,0x00000000c4300000)
 Metaspace       used 57654K, committed 58688K, reserved 1114112K
  class space    used 6141K, committed 6592K, reserved 1048576K
}
Event: 141.232 GC heap before
{Heap before GC invocations=35 (full 3):
 PSYoungGen      total 23552K, used 23273K [0x00000000eab00000, 0x00000000ec700000, 0x0000000100000000)
  eden space 19968K, 100% used [0x00000000eab00000,0x00000000ebe80000,0x00000000ebe80000)
  from space 3584K, 92% used [0x00000000ec380000,0x00000000ec6ba4b0,0x00000000ec700000)
  to   space 4096K, 0% used [0x00000000ebf00000,0x00000000ebf00000,0x00000000ec300000)
 ParOldGen       total 68608K, used 68137K [0x00000000c0000000, 0x00000000c4300000, 0x00000000eab00000)
  object space 68608K, 99% used [0x00000000c0000000,0x00000000c428a500,0x00000000c4300000)
 Metaspace       used 58493K, committed 59584K, reserved 1114112K
  class space    used 6194K, committed 6656K, reserved 1048576K
}
Event: 141.977 GC heap after
{Heap after GC invocations=35 (full 3):
 PSYoungGen      total 20480K, used 0K [0x00000000eab00000, 0x00000000ec680000, 0x0000000100000000)
  eden space 19968K, 0% used [0x00000000eab00000,0x00000000eab00000,0x00000000ebe80000)
  from space 512K, 0% used [0x00000000ebf00000,0x00000000ebf00000,0x00000000ebf80000)
  to   space 4096K, 0% used [0x00000000ec280000,0x00000000ec280000,0x00000000ec680000)
 ParOldGen       total 95744K, used 66526K [0x00000000c0000000, 0x00000000c5d80000, 0x00000000eab00000)
  object space 95744K, 69% used [0x00000000c0000000,0x00000000c40f79f8,0x00000000c5d80000)
 Metaspace       used 58493K, committed 59584K, reserved 1114112K
  class space    used 6194K, committed 6656K, reserved 1048576K
}
Event: 142.186 GC heap before
{Heap before GC invocations=36 (full 3):
 PSYoungGen      total 20480K, used 19968K [0x00000000eab00000, 0x00000000ec680000, 0x0000000100000000)
  eden space 19968K, 100% used [0x00000000eab00000,0x00000000ebe80000,0x00000000ebe80000)
  from space 512K, 0% used [0x00000000ebf00000,0x00000000ebf00000,0x00000000ebf80000)
  to   space 4096K, 0% used [0x00000000ec280000,0x00000000ec280000,0x00000000ec680000)
 ParOldGen       total 95744K, used 66526K [0x00000000c0000000, 0x00000000c5d80000, 0x00000000eab00000)
  object space 95744K, 69% used [0x00000000c0000000,0x00000000c40f79f8,0x00000000c5d80000)
 Metaspace       used 58509K, committed 59584K, reserved 1114112K
  class space    used 6194K, committed 6656K, reserved 1048576K
}
Event: 142.193 GC heap after
{Heap after GC invocations=36 (full 3):
 PSYoungGen      total 23040K, used 2751K [0x00000000eab00000, 0x00000000ec580000, 0x0000000100000000)
  eden space 19968K, 0% used [0x00000000eab00000,0x00000000eab00000,0x00000000ebe80000)
  from space 3072K, 89% used [0x00000000ec280000,0x00000000ec52fdf8,0x00000000ec580000)
  to   space 3072K, 0% used [0x00000000ebf80000,0x00000000ebf80000,0x00000000ec280000)
 ParOldGen       total 95744K, used 66526K [0x00000000c0000000, 0x00000000c5d80000, 0x00000000eab00000)
  object space 95744K, 69% used [0x00000000c0000000,0x00000000c40f79f8,0x00000000c5d80000)
 Metaspace       used 58509K, committed 59584K, reserved 1114112K
  class space    used 6194K, committed 6656K, reserved 1048576K
}
Event: 142.274 GC heap before
{Heap before GC invocations=37 (full 3):
 PSYoungGen      total 23040K, used 22719K [0x00000000eab00000, 0x00000000ec580000, 0x0000000100000000)
  eden space 19968K, 100% used [0x00000000eab00000,0x00000000ebe80000,0x00000000ebe80000)
  from space 3072K, 89% used [0x00000000ec280000,0x00000000ec52fdf8,0x00000000ec580000)
  to   space 3072K, 0% used [0x00000000ebf80000,0x00000000ebf80000,0x00000000ec280000)
 ParOldGen       total 95744K, used 66526K [0x00000000c0000000, 0x00000000c5d80000, 0x00000000eab00000)
  object space 95744K, 69% used [0x00000000c0000000,0x00000000c40f79f8,0x00000000c5d80000)
 Metaspace       used 58513K, committed 59584K, reserved 1114112K
  class space    used 6194K, committed 6656K, reserved 1048576K
}
Event: 142.277 GC heap after
{Heap after GC invocations=37 (full 3):
 PSYoungGen      total 23040K, used 3052K [0x00000000eab00000, 0x00000000ec680000, 0x0000000100000000)
  eden space 19968K, 0% used [0x00000000eab00000,0x00000000eab00000,0x00000000ebe80000)
  from space 3072K, 99% used [0x00000000ebf80000,0x00000000ec27b238,0x00000000ec280000)
  to   space 4096K, 0% used [0x00000000ec280000,0x00000000ec280000,0x00000000ec680000)
 ParOldGen       total 95744K, used 67099K [0x00000000c0000000, 0x00000000c5d80000, 0x00000000eab00000)
  object space 95744K, 70% used [0x00000000c0000000,0x00000000c4186fb0,0x00000000c5d80000)
 Metaspace       used 58513K, committed 59584K, reserved 1114112K
  class space    used 6194K, committed 6656K, reserved 1048576K
}
Event: 142.438 GC heap before
{Heap before GC invocations=38 (full 3):
 PSYoungGen      total 23040K, used 23020K [0x00000000eab00000, 0x00000000ec680000, 0x0000000100000000)
  eden space 19968K, 100% used [0x00000000eab00000,0x00000000ebe80000,0x00000000ebe80000)
  from space 3072K, 99% used [0x00000000ebf80000,0x00000000ec27b238,0x00000000ec280000)
  to   space 4096K, 0% used [0x00000000ec280000,0x00000000ec280000,0x00000000ec680000)
 ParOldGen       total 95744K, used 67099K [0x00000000c0000000, 0x00000000c5d80000, 0x00000000eab00000)
  object space 95744K, 70% used [0x00000000c0000000,0x00000000c4186fb0,0x00000000c5d80000)
 Metaspace       used 59209K, committed 60288K, reserved 1114112K
  class space    used 6260K, committed 6720K, reserved 1048576K
}
Event: 142.445 GC heap after
{Heap after GC invocations=38 (full 3):
 PSYoungGen      total 23552K, used 3325K [0x00000000eab00000, 0x00000000ec600000, 0x0000000100000000)
  eden space 19968K, 0% used [0x00000000eab00000,0x00000000eab00000,0x00000000ebe80000)
  from space 3584K, 92% used [0x00000000ec280000,0x00000000ec5bf4c0,0x00000000ec600000)
  to   space 3584K, 0% used [0x00000000ebf00000,0x00000000ebf00000,0x00000000ec280000)
 ParOldGen       total 95744K, used 69706K [0x00000000c0000000, 0x00000000c5d80000, 0x00000000eab00000)
  object space 95744K, 72% used [0x00000000c0000000,0x00000000c44129e0,0x00000000c5d80000)
 Metaspace       used 59209K, committed 60288K, reserved 1114112K
  class space    used 6260K, committed 6720K, reserved 1048576K
}
Event: 142.720 GC heap before
{Heap before GC invocations=39 (full 3):
 PSYoungGen      total 23552K, used 23293K [0x00000000eab00000, 0x00000000ec600000, 0x0000000100000000)
  eden space 19968K, 100% used [0x00000000eab00000,0x00000000ebe80000,0x00000000ebe80000)
  from space 3584K, 92% used [0x00000000ec280000,0x00000000ec5bf4c0,0x00000000ec600000)
  to   space 3584K, 0% used [0x00000000ebf00000,0x00000000ebf00000,0x00000000ec280000)
 ParOldGen       total 95744K, used 69706K [0x00000000c0000000, 0x00000000c5d80000, 0x00000000eab00000)
  object space 95744K, 72% used [0x00000000c0000000,0x00000000c44129e0,0x00000000c5d80000)
 Metaspace       used 59755K, committed 60864K, reserved 1114112K
  class space    used 6304K, committed 6784K, reserved 1048576K
}
Event: 142.727 GC heap after
{Heap after GC invocations=39 (full 3):
 PSYoungGen      total 23552K, used 3580K [0x00000000eab00000, 0x00000000ece80000, 0x0000000100000000)
  eden space 19968K, 0% used [0x00000000eab00000,0x00000000eab00000,0x00000000ebe80000)
  from space 3584K, 99% used [0x00000000ebf00000,0x00000000ec27f318,0x00000000ec280000)
  to   space 8192K, 0% used [0x00000000ec680000,0x00000000ec680000,0x00000000ece80000)
 ParOldGen       total 95744K, used 73212K [0x00000000c0000000, 0x00000000c5d80000, 0x00000000eab00000)
  object space 95744K, 76% used [0x00000000c0000000,0x00000000c477f328,0x00000000c5d80000)
 Metaspace       used 59755K, committed 60864K, reserved 1114112K
  class space    used 6304K, committed 6784K, reserved 1048576K
}
Event: 145.008 GC heap before
{Heap before GC invocations=40 (full 3):
 PSYoungGen      total 23552K, used 23548K [0x00000000eab00000, 0x00000000ece80000, 0x0000000100000000)
  eden space 19968K, 100% used [0x00000000eab00000,0x00000000ebe80000,0x00000000ebe80000)
  from space 3584K, 99% used [0x00000000ebf00000,0x00000000ec27f318,0x00000000ec280000)
  to   space 8192K, 0% used [0x00000000ec680000,0x00000000ec680000,0x00000000ece80000)
 ParOldGen       total 95744K, used 73212K [0x00000000c0000000, 0x00000000c5d80000, 0x00000000eab00000)
  object space 95744K, 76% used [0x00000000c0000000,0x00000000c477f328,0x00000000c5d80000)
 Metaspace       used 60107K, committed 61184K, reserved 1114112K
  class space    used 6344K, committed 6784K, reserved 1048576K
}
Event: 145.336 GC heap after
{Heap after GC invocations=40 (full 3):
 PSYoungGen      total 24576K, used 4395K [0x00000000eab00000, 0x00000000ecb00000, 0x0000000100000000)
  eden space 19968K, 0% used [0x00000000eab00000,0x00000000eab00000,0x00000000ebe80000)
  from space 4608K, 95% used [0x00000000ec680000,0x00000000ecacacd0,0x00000000ecb00000)
  to   space 5632K, 0% used [0x00000000ec000000,0x00000000ec000000,0x00000000ec580000)
 ParOldGen       total 95744K, used 76618K [0x00000000c0000000, 0x00000000c5d80000, 0x00000000eab00000)
  object space 95744K, 80% used [0x00000000c0000000,0x00000000c4ad2a78,0x00000000c5d80000)
 Metaspace       used 60107K, committed 61184K, reserved 1114112K
  class space    used 6344K, committed 6784K, reserved 1048576K
}
Event: 149.223 GC heap before
{Heap before GC invocations=41 (full 3):
 PSYoungGen      total 24576K, used 24363K [0x00000000eab00000, 0x00000000ecb00000, 0x0000000100000000)
  eden space 19968K, 100% used [0x00000000eab00000,0x00000000ebe80000,0x00000000ebe80000)
  from space 4608K, 95% used [0x00000000ec680000,0x00000000ecacacd0,0x00000000ecb00000)
  to   space 5632K, 0% used [0x00000000ec000000,0x00000000ec000000,0x00000000ec580000)
 ParOldGen       total 95744K, used 76618K [0x00000000c0000000, 0x00000000c5d80000, 0x00000000eab00000)
  object space 95744K, 80% used [0x00000000c0000000,0x00000000c4ad2a78,0x00000000c5d80000)
 Metaspace       used 62356K, committed 63424K, reserved 1114112K
  class space    used 6609K, committed 7104K, reserved 1048576K
}
Event: 149.352 GC heap after
{Heap after GC invocations=41 (full 3):
 PSYoungGen      total 22528K, used 2189K [0x00000000eab00000, 0x00000000ec700000, 0x0000000100000000)
  eden space 19968K, 0% used [0x00000000eab00000,0x00000000eab00000,0x00000000ebe80000)
  from space 2560K, 85% used [0x00000000ec000000,0x00000000ec223630,0x00000000ec280000)
  to   space 3584K, 0% used [0x00000000ec380000,0x00000000ec380000,0x00000000ec700000)
 ParOldGen       total 95744K, used 80722K [0x00000000c0000000, 0x00000000c5d80000, 0x00000000eab00000)
  object space 95744K, 84% used [0x00000000c0000000,0x00000000c4ed4890,0x00000000c5d80000)
 Metaspace       used 62356K, committed 63424K, reserved 1114112K
  class space    used 6609K, committed 7104K, reserved 1048576K
}
Event: 151.471 GC heap before
{Heap before GC invocations=42 (full 3):
 PSYoungGen      total 22528K, used 22157K [0x00000000eab00000, 0x00000000ec700000, 0x0000000100000000)
  eden space 19968K, 100% used [0x00000000eab00000,0x00000000ebe80000,0x00000000ebe80000)
  from space 2560K, 85% used [0x00000000ec000000,0x00000000ec223630,0x00000000ec280000)
  to   space 3584K, 0% used [0x00000000ec380000,0x00000000ec380000,0x00000000ec700000)
 ParOldGen       total 95744K, used 80722K [0x00000000c0000000, 0x00000000c5d80000, 0x00000000eab00000)
  object space 95744K, 84% used [0x00000000c0000000,0x00000000c4ed4890,0x00000000c5d80000)
 Metaspace       used 64288K, committed 65408K, reserved 1114112K
  class space    used 6830K, committed 7296K, reserved 1048576K
}
Event: 151.508 GC heap after
{Heap after GC invocations=42 (full 3):
 PSYoungGen      total 23040K, used 2688K [0x00000000eab00000, 0x00000000ec680000, 0x0000000100000000)
  eden space 19968K, 0% used [0x00000000eab00000,0x00000000eab00000,0x00000000ebe80000)
  from space 3072K, 87% used [0x00000000ec380000,0x00000000ec620020,0x00000000ec680000)
  to   space 3072K, 0% used [0x00000000ec080000,0x00000000ec080000,0x00000000ec380000)
 ParOldGen       total 95744K, used 82720K [0x00000000c0000000, 0x00000000c5d80000, 0x00000000eab00000)
  object space 95744K, 86% used [0x00000000c0000000,0x00000000c50c8090,0x00000000c5d80000)
 Metaspace       used 64288K, committed 65408K, reserved 1114112K
  class space    used 6830K, committed 7296K, reserved 1048576K
}

